Arguments: 
  /opt/homebrew/Cellar/node/16.6.2/bin/node /Users/pw/.npm-global/bin/yarn start-dev

PATH: 
  /Users/pw/Desktop/CouponSystem/node_modules/.bin:/Users/pw/Desktop/node_modules/.bin:/Users/pw/node_modules/.bin:/Users/node_modules/.bin:/node_modules/.bin:/opt/homebrew/lib/node_modules/npm/node_modules/@npmcli/run-script/lib/node-gyp-bin:/Users/pw/.npm-global/bin:/opt/homebrew/bin:/opt/homebrew/sbin:/usr/local/bin:/usr/bin:/bin:/usr/sbin:/sbin:/Applications/VMware Fusion.app/Contents/Public:/Library/Apple/usr/bin:/Library/Frameworks/Mono.framework/Versions/Current/Commands:/opt/homebrew/bin:/opt/homebrew/sbin

Yarn version: 
  1.22.11

Node version: 
  16.6.2

Platform: 
  darwin arm64

Trace: 
  SyntaxError: /Users/pw/Desktop/CouponSystem/package.json: Unexpected token } in JSON at position 113
      at JSON.parse (<anonymous>)
      at /Users/pw/.npm-global/lib/node_modules/yarn/lib/cli.js:1625:59
      at Generator.next (<anonymous>)
      at step (/Users/pw/.npm-global/lib/node_modules/yarn/lib/cli.js:310:30)
      at /Users/pw/.npm-global/lib/node_modules/yarn/lib/cli.js:321:13

npm manifest: 
  {
    "scripts": {
      "start": "node app.js",
      "start-dev": "node_modules/.bin/nodemon -L --watch . app.js",
    },
    "dependencies": {
      "express": "^4.18.2",
      "nodemon": "^2.0.20"
    }
  }

yarn manifest: 
  No manifest

Lockfile: 
  No lockfile
